#
# There is insufficient memory for the Java Runtime Environment to continue.
# Native memory allocation (malloc) failed to allocate 1048576 bytes for AllocateHeap
# Possible reasons:
#   The system is out of physical RAM or swap space
#   In 32 bit mode, the process size limit was hit
# Possible solutions:
#   Reduce memory load on the system
#   Increase physical memory or swap space
#   Check if swap backing store is full
#   Use 64 bit Java on a 64 bit OS
#   Decrease Java heap size (-Xmx/-Xms)
#   Decrease number of Java threads
#   Decrease Java thread stack sizes (-Xss)
#   Set larger code cache with -XX:ReservedCodeCacheSize=
# This output file may be truncated or incomplete.
#
#  Out of Memory Error (memory/allocation.inline.hpp:61), pid=33956, tid=28760
#
# JRE version:  (8.0_91-b14) (build )
# Java VM: Java HotSpot(TM) 64-Bit Server VM (25.91-b14 mixed mode windows-amd64 compressed oops)
# Failed to write core dump. Minidumps are not enabled by default on client versions of Windows
#

---------------  T H R E A D  ---------------

Current thread (0x0000000002210800):  JavaThread "Unknown thread" [_thread_in_vm, id=28760, stack(0x0000000002110000,0x0000000002210000)]

Stack: [0x0000000002110000,0x0000000002210000]
[error occurred during error reporting (printing stack bounds), id 0xc0000005]

Native frames: (J=compiled Java code, j=interpreted, Vv=VM code, C=native code)


---------------  P R O C E S S  ---------------

Java Threads: ( => current thread )

Other Threads:

=>0x0000000002210800 (exited) JavaThread "Unknown thread" [_thread_in_vm, id=28760, stack(0x0000000002110000,0x0000000002210000)]

VM state:not at safepoint (normal execution)

VM Mutex/Monitor currently owned by a thread: None

Heap:
 PSYoungGen      total 34816K, used 604K [0x00000000eab00000, 0x00000000ed180000, 0x0000000100000000)
  eden space 30208K, 2% used [0x00000000eab00000,0x00000000eab970b0,0x00000000ec880000)
  from space 4608K, 0% used [0x00000000ecd00000,0x00000000ecd00000,0x00000000ed180000)
  to   space 4608K, 0% used [0x00000000ec880000,0x00000000ec880000,0x00000000ecd00000)
 ParOldGen       total 79360K, used 0K [0x00000000c0000000, 0x00000000c4d80000, 0x00000000eab00000)
  object space 79360K, 0% used [0x00000000c0000000,0x00000000c0000000,0x00000000c4d80000)
 Metaspace       used 769K, capacity 4480K, committed 4480K, reserved 1056768K
  class space    used 75K, capacity 384K, committed 384K, reserved 1048576K

Card table byte_map: [0x00000000116d0000,0x00000000118e0000] byte_map_base: 0x00000000110d0000

Marking Bits: (ParMarkBitMap*) 0x0000000076ab2f70
 Begin Bits: [0x0000000011e40000, 0x0000000012e40000)
 End Bits:   [0x0000000012e40000, 0x0000000013e40000)

Polling page: 0x0000000002050000

CodeCache: size=245760Kb used=327Kb max_used=327Kb free=245432Kb
 bounds [0x0000000002310000, 0x0000000002580000, 0x0000000011310000]
 total_blobs=57 nmethods=0 adapters=38
 compilation: enabled

Compilation events (0 events):
No events

GC Heap History (0 events):
No events

Deoptimization events (0 events):
No events

Internal exceptions (0 events):
No events

Events (10 events):
Event: 0.170 loading class java/lang/Short
Event: 0.170 loading class java/lang/Short done
Event: 0.170 loading class java/lang/Integer
Event: 0.176 loading class java/lang/Integer done
Event: 0.176 loading class java/lang/Long
Event: 0.177 loading class java/lang/Long done
Event: 0.179 loading class java/lang/NullPointerException
Event: 0.179 loading class java/lang/NullPointerException done
Event: 0.179 loading class java/lang/ArithmeticException
Event: 0.179 loading class java/lang/ArithmeticException done


Dynamic libraries:
0x00007ff76ed80000 - 0x00007ff76edb7000 	C:\Program Files\Java\jdk1.8.0_91\bin\java.exe
0x00007ffc39c20000 - 0x00007ffc39de1000 	C:\WINDOWS\SYSTEM32\ntdll.dll
0x00007ffc35d30000 - 0x00007ffc35ddd000 	C:\WINDOWS\system32\KERNEL32.DLL
0x00007ffc34f70000 - 0x00007ffc35158000 	C:\WINDOWS\system32\KERNELBASE.dll
0x00007ffc387f0000 - 0x00007ffc38897000 	C:\WINDOWS\system32\ADVAPI32.dll
0x00007ffc38300000 - 0x00007ffc3839d000 	C:\WINDOWS\system32\msvcrt.dll
0x00007ffc36800000 - 0x00007ffc3685b000 	C:\WINDOWS\system32\sechost.dll
0x00007ffc38120000 - 0x00007ffc3823c000 	C:\WINDOWS\system32\RPCRT4.dll
0x00007ffc383a0000 - 0x00007ffc384f6000 	C:\WINDOWS\system32\USER32.dll
0x00007ffc36670000 - 0x00007ffc367f6000 	C:\WINDOWS\system32\GDI32.dll
0x00007ffc2cb20000 - 0x00007ffc2cd94000 	C:\WINDOWS\WinSxS\amd64_microsoft.windows.common-controls_6595b64144ccf1df_6.0.10586.0_none_8c15ae12515e1c22\COMCTL32.dll
0x00007ffc38500000 - 0x00007ffc3877d000 	C:\WINDOWS\system32\combase.dll
0x00007ffc35800000 - 0x00007ffc3586a000 	C:\WINDOWS\system32\bcryptPrimitives.dll
0x00007ffc35f30000 - 0x00007ffc35f6b000 	C:\WINDOWS\system32\IMM32.DLL
0x0000000075cf0000 - 0x0000000075dc2000 	C:\Program Files\Java\jdk1.8.0_91\jre\bin\msvcr100.dll
0x00000000762a0000 - 0x0000000076b33000 	C:\Program Files\Java\jdk1.8.0_91\jre\bin\server\jvm.dll
0x00007ffc35f70000 - 0x00007ffc35f78000 	C:\WINDOWS\system32\PSAPI.DLL
0x00007ffc33670000 - 0x00007ffc33693000 	C:\WINDOWS\SYSTEM32\WINMM.dll
0x00007ffc31760000 - 0x00007ffc3176a000 	C:\WINDOWS\SYSTEM32\VERSION.dll
0x00007ffc33640000 - 0x00007ffc3366c000 	C:\WINDOWS\SYSTEM32\WINMMBASE.dll
0x00007ffc35160000 - 0x00007ffc351a3000 	C:\WINDOWS\system32\cfgmgr32.dll
0x00007ffc2aed0000 - 0x00007ffc2aed9000 	C:\WINDOWS\SYSTEM32\WSOCK32.dll
0x00007ffc35cc0000 - 0x00007ffc35d2b000 	C:\WINDOWS\system32\WS2_32.dll
0x0000000076290000 - 0x000000007629f000 	C:\Program Files\Java\jdk1.8.0_91\jre\bin\verify.dll
0x0000000076260000 - 0x0000000076289000 	C:\Program Files\Java\jdk1.8.0_91\jre\bin\java.dll
0x0000000076240000 - 0x0000000076256000 	C:\Program Files\Java\jdk1.8.0_91\jre\bin\zip.dll

VM Arguments:
jvm_args: -Djava.awt.headless=true -Xmx1024M -Dfile.encoding=windows-1252 -Duser.country=CA -Duser.language=en -Duser.variant 
java_command: com.android.dx.command.Main --dex --num-threads=4 --output C:\Users\Simon\AndroidStudioProjects\WixMusic\app\build\intermediates\pre-dexed\debug\debug_0b42db9fa2459c3e26b79c77fc10245784eb1339.jar C:\Users\Simon\AndroidStudioProjects\WixMusic\app\build\intermediates\classes\debug
java_class_path (initial): C:\Users\Simon\AppData\Local\Android\sdk\build-tools\23.0.3\lib\dx.jar
Launcher Type: SUN_STANDARD

Environment Variables:
JAVA_HOME=C:\Program Files\Java\jdk1.8.0_91
PATH=C:\ProgramData\Oracle\Java\javapath;C:\WINDOWS\system32;C:\WINDOWS;C:\WINDOWS\System32\Wbem;C:\WINDOWS\System32\WindowsPowerShell\v1.0\;C:\Program Files (x86)\Windows Live\Shared;C:\Program Files (x86)\ATI Technologies\ATI.ACE\Core-Static;C:\Program Files (x86)\Skype\Phone\;C:\Program Files\nodejs\;C:\Program Files\Git\cmd;C:\Users\Simon\AppData\Roaming\npm
USERNAME=Simon
OS=Windows_NT
PROCESSOR_IDENTIFIER=AMD64 Family 21 Model 19 Stepping 1, AuthenticAMD



---------------  S Y S T E M  ---------------

OS: Windows 10.0 , 64 bit Build 10586 (10.0.10586.0)

CPU:total 4 (4 cores per cpu, 1 threads per core) family 21 model 19 stepping 1, cmov, cx8, fxsr, mmx, sse, sse2, sse3, ssse3, sse4.1, sse4.2, popcnt, avx, aes, clmul, mmxext, 3dnowpref, lzcnt, sse4a, tsc, tscinvbit, tscinv, bmi1

Memory: 4k page, physical 7543048k(494368k free), swap 11737352k(9312k free)

vm_info: Java HotSpot(TM) 64-Bit Server VM (25.91-b14) for windows-amd64 JRE (1.8.0_91-b14), built on Apr  1 2016 00:58:32 by "java_re" with MS VC++ 10.0 (VS2010)

time: Wed May 11 16:37:18 2016
elapsed time: 0 seconds (0d 0h 0m 0s)

